This is pdfTeX, Version 3.141592653-2.6-1.40.27 (TeX Live 2025) (preloaded format=pdflatex 2025.12.3)  4 DEC 2025 21:54
entering extended mode
 restricted \write18 enabled.
 file:line:error style messages enabled.
 %&-line parsing enabled.
**relazione.tex
(./relazione.tex
LaTeX2e <2024-11-01> patch level 2
L3 programming layer <2025-01-18>
(/usr/local/texlive/2025/texmf-dist/tex/latex/base/article.cls
Document Class: article 2024/06/29 v1.4n Standard LaTeX document class
(/usr/local/texlive/2025/texmf-dist/tex/latex/base/size10.clo
File: size10.clo 2024/06/29 v1.4n Standard LaTeX file (size option)
)
\c@part=\count196
\c@section=\count197
\c@subsection=\count198
\c@subsubsection=\count199
\c@paragraph=\count266
\c@subparagraph=\count267
\c@figure=\count268
\c@table=\count269
\abovecaptionskip=\skip49
\belowcaptionskip=\skip50
\bibindent=\dimen141
)
(/usr/local/texlive/2025/texmf-dist/tex/latex/base/inputenc.sty
Package: inputenc 2024/02/08 v1.3d Input encoding file
\inpenc@prehook=\toks17
\inpenc@posthook=\toks18
)
(/usr/local/texlive/2025/texmf-dist/tex/latex/amsfonts/amssymb.sty
Package: amssymb 2013/01/14 v3.01 AMS font symbols

(/usr/local/texlive/2025/texmf-dist/tex/latex/amsfonts/amsfonts.sty
Package: amsfonts 2013/01/14 v3.01 Basic AMSFonts support
\@emptytoks=\toks19
\symAMSa=\mathgroup4
\symAMSb=\mathgroup5
LaTeX Font Info:    Redeclaring math symbol \hbar on input line 98.
LaTeX Font Info:    Overwriting math alphabet `\mathfrak' in version `bold'
(Font)                  U/euf/m/n --> U/euf/b/n on input line 106.
))
(/usr/local/texlive/2025/texmf-dist/tex/latex/base/latexsym.sty
Package: latexsym 1998/08/17 v2.2e Standard LaTeX package (lasy symbols)
\symlasy=\mathgroup6
LaTeX Font Info:    Overwriting symbol font `lasy' in version `bold'
(Font)                  U/lasy/m/n --> U/lasy/b/n on input line 52.
)
(/usr/local/texlive/2025/texmf-dist/tex/latex/amsmath/amsmath.sty
Package: amsmath 2024/11/05 v2.17t AMS math features
\@mathmargin=\skip51

For additional information on amsmath, use the `?' option.
(/usr/local/texlive/2025/texmf-dist/tex/latex/amsmath/amstext.sty
Package: amstext 2021/08/26 v2.01 AMS text

(/usr/local/texlive/2025/texmf-dist/tex/latex/amsmath/amsgen.sty
File: amsgen.sty 1999/11/30 v2.0 generic functions
\@emptytoks=\toks20
\ex@=\dimen142
))
(/usr/local/texlive/2025/texmf-dist/tex/latex/amsmath/amsbsy.sty
Package: amsbsy 1999/11/29 v1.2d Bold Symbols
\pmbraise@=\dimen143
)
(/usr/local/texlive/2025/texmf-dist/tex/latex/amsmath/amsopn.sty
Package: amsopn 2022/04/08 v2.04 operator names
)
\inf@bad=\count270
LaTeX Info: Redefining \frac on input line 233.
\uproot@=\count271
\leftroot@=\count272
LaTeX Info: Redefining \overline on input line 398.
LaTeX Info: Redefining \colon on input line 409.
\classnum@=\count273
\DOTSCASE@=\count274
LaTeX Info: Redefining \ldots on input line 495.
LaTeX Info: Redefining \dots on input line 498.
LaTeX Info: Redefining \cdots on input line 619.
\Mathstrutbox@=\box52
\strutbox@=\box53
LaTeX Info: Redefining \big on input line 721.
LaTeX Info: Redefining \Big on input line 722.
LaTeX Info: Redefining \bigg on input line 723.
LaTeX Info: Redefining \Bigg on input line 724.
\big@size=\dimen144
LaTeX Font Info:    Redeclaring font encoding OML on input line 742.
LaTeX Font Info:    Redeclaring font encoding OMS on input line 743.
\macc@depth=\count275
LaTeX Info: Redefining \bmod on input line 904.
LaTeX Info: Redefining \pmod on input line 909.
LaTeX Info: Redefining \smash on input line 939.
LaTeX Info: Redefining \relbar on input line 969.
LaTeX Info: Redefining \Relbar on input line 970.
\c@MaxMatrixCols=\count276
\dotsspace@=\muskip17
\c@parentequation=\count277
\dspbrk@lvl=\count278
\tag@help=\toks21
\row@=\count279
\column@=\count280
\maxfields@=\count281
\andhelp@=\toks22
\eqnshift@=\dimen145
\alignsep@=\dimen146
\tagshift@=\dimen147
\tagwidth@=\dimen148
\totwidth@=\dimen149
\lineht@=\dimen150
\@envbody=\toks23
\multlinegap=\skip52
\multlinetaggap=\skip53
\mathdisplay@stack=\toks24
LaTeX Info: Redefining \[ on input line 2953.
LaTeX Info: Redefining \] on input line 2954.
)
(/usr/local/texlive/2025/texmf-dist/tex/latex/geometry/geometry.sty
Package: geometry 2020/01/02 v5.9 Page Geometry

(/usr/local/texlive/2025/texmf-dist/tex/latex/graphics/keyval.sty
Package: keyval 2022/05/29 v1.15 key=value parser (DPC)
\KV@toks@=\toks25
)
(/usr/local/texlive/2025/texmf-dist/tex/generic/iftex/ifvtex.sty
Package: ifvtex 2019/10/25 v1.7 ifvtex legacy package. Use iftex instead.

(/usr/local/texlive/2025/texmf-dist/tex/generic/iftex/iftex.sty
Package: iftex 2024/12/12 v1.0g TeX engine tests
))
\Gm@cnth=\count282
\Gm@cntv=\count283
\c@Gm@tempcnt=\count284
\Gm@bindingoffset=\dimen151
\Gm@wd@mp=\dimen152
\Gm@odd@mp=\dimen153
\Gm@even@mp=\dimen154
\Gm@layoutwidth=\dimen155
\Gm@layoutheight=\dimen156
\Gm@layouthoffset=\dimen157
\Gm@layoutvoffset=\dimen158
\Gm@dimlist=\toks26
)
(/usr/local/texlive/2025/texmf-dist/tex/latex/graphics/graphicx.sty
Package: graphicx 2021/09/16 v1.2d Enhanced LaTeX Graphics (DPC,SPQR)

(/usr/local/texlive/2025/texmf-dist/tex/latex/graphics/graphics.sty
Package: graphics 2024/08/06 v1.4g Standard LaTeX Graphics (DPC,SPQR)

(/usr/local/texlive/2025/texmf-dist/tex/latex/graphics/trig.sty
Package: trig 2023/12/02 v1.11 sin cos tan (DPC)
)
(/usr/local/texlive/2025/texmf-dist/tex/latex/graphics-cfg/graphics.cfg
File: graphics.cfg 2016/06/04 v1.11 sample graphics configuration
)
Package graphics Info: Driver file: pdftex.def on input line 106.

(/usr/local/texlive/2025/texmf-dist/tex/latex/graphics-def/pdftex.def
File: pdftex.def 2024/04/13 v1.2c Graphics/color driver for pdftex
))
\Gin@req@height=\dimen159
\Gin@req@width=\dimen160
)
(/usr/local/texlive/2025/texmf-dist/tex/latex/float/float.sty
Package: float 2001/11/08 v1.3d Float enhancements (AL)
\c@float@type=\count285
\float@exts=\toks27
\float@box=\box54
\@float@everytoks=\toks28
\@floatcapt=\box55
)
(/usr/local/texlive/2025/texmf-dist/tex/latex/hyperref/hyperref.sty
Package: hyperref 2024-11-05 v7.01l Hypertext links for LaTeX

(/usr/local/texlive/2025/texmf-dist/tex/latex/kvsetkeys/kvsetkeys.sty
Package: kvsetkeys 2022-10-05 v1.19 Key value parser (HO)
)
(/usr/local/texlive/2025/texmf-dist/tex/generic/kvdefinekeys/kvdefinekeys.sty
Package: kvdefinekeys 2019-12-19 v1.6 Define keys (HO)
)
(/usr/local/texlive/2025/texmf-dist/tex/generic/pdfescape/pdfescape.sty
Package: pdfescape 2019/12/09 v1.15 Implements pdfTeX's escape features (HO)

(/usr/local/texlive/2025/texmf-dist/tex/generic/ltxcmds/ltxcmds.sty
Package: ltxcmds 2023-12-04 v1.26 LaTeX kernel commands for general use (HO)
)
(/usr/local/texlive/2025/texmf-dist/tex/generic/pdftexcmds/pdftexcmds.sty
Package: pdftexcmds 2020-06-27 v0.33 Utility functions of pdfTeX for LuaTeX (HO
)

(/usr/local/texlive/2025/texmf-dist/tex/generic/infwarerr/infwarerr.sty
Package: infwarerr 2019/12/03 v1.5 Providing info/warning/error messages (HO)
)
Package pdftexcmds Info: \pdf@primitive is available.
Package pdftexcmds Info: \pdf@ifprimitive is available.
Package pdftexcmds Info: \pdfdraftmode found.
))
(/usr/local/texlive/2025/texmf-dist/tex/latex/hycolor/hycolor.sty
Package: hycolor 2020-01-27 v1.10 Color options for hyperref/bookmark (HO)
)
(/usr/local/texlive/2025/texmf-dist/tex/latex/hyperref/nameref.sty
Package: nameref 2023-11-26 v2.56 Cross-referencing by name of section

(/usr/local/texlive/2025/texmf-dist/tex/latex/refcount/refcount.sty
Package: refcount 2019/12/15 v3.6 Data extraction from label references (HO)
)
(/usr/local/texlive/2025/texmf-dist/tex/generic/gettitlestring/gettitlestring.s
ty
Package: gettitlestring 2019/12/15 v1.6 Cleanup title references (HO)
 (/usr/local/texlive/2025/texmf-dist/tex/latex/kvoptions/kvoptions.sty
Package: kvoptions 2022-06-15 v3.15 Key value format for package options (HO)
))
\c@section@level=\count286
)
(/usr/local/texlive/2025/texmf-dist/tex/latex/etoolbox/etoolbox.sty
Package: etoolbox 2025/02/11 v2.5l e-TeX tools for LaTeX (JAW)
\etb@tempcnta=\count287
)
(/usr/local/texlive/2025/texmf-dist/tex/generic/stringenc/stringenc.sty
Package: stringenc 2019/11/29 v1.12 Convert strings between diff. encodings (HO
)
)
\@linkdim=\dimen161
\Hy@linkcounter=\count288
\Hy@pagecounter=\count289

(/usr/local/texlive/2025/texmf-dist/tex/latex/hyperref/pd1enc.def
File: pd1enc.def 2024-11-05 v7.01l Hyperref: PDFDocEncoding definition (HO)
Now handling font encoding PD1 ...
... no UTF-8 mapping file for font encoding PD1
)
(/usr/local/texlive/2025/texmf-dist/tex/generic/intcalc/intcalc.sty
Package: intcalc 2019/12/15 v1.3 Expandable calculations with integers (HO)
)
\Hy@SavedSpaceFactor=\count290

(/usr/local/texlive/2025/texmf-dist/tex/latex/hyperref/puenc.def
File: puenc.def 2024-11-05 v7.01l Hyperref: PDF Unicode definition (HO)
Now handling font encoding PU ...
... no UTF-8 mapping file for font encoding PU
)
Package hyperref Info: Option `colorlinks' set `true' on input line 4040.
Package hyperref Info: Hyper figures OFF on input line 4157.
Package hyperref Info: Link nesting OFF on input line 4162.
Package hyperref Info: Hyper index ON on input line 4165.
Package hyperref Info: Plain pages OFF on input line 4172.
Package hyperref Info: Backreferencing OFF on input line 4177.
Package hyperref Info: Implicit mode ON; LaTeX internals redefined.
Package hyperref Info: Bookmarks ON on input line 4424.
\c@Hy@tempcnt=\count291

(/usr/local/texlive/2025/texmf-dist/tex/latex/url/url.sty
\Urlmuskip=\muskip18
Package: url 2013/09/16  ver 3.4  Verb mode for urls, etc.
)
LaTeX Info: Redefining \url on input line 4763.
\XeTeXLinkMargin=\dimen162

(/usr/local/texlive/2025/texmf-dist/tex/generic/bitset/bitset.sty
Package: bitset 2019/12/09 v1.3 Handle bit-vector datatype (HO)

(/usr/local/texlive/2025/texmf-dist/tex/generic/bigintcalc/bigintcalc.sty
Package: bigintcalc 2019/12/15 v1.5 Expandable calculations on big integers (HO
)
))
\Fld@menulength=\count292
\Field@Width=\dimen163
\Fld@charsize=\dimen164
Package hyperref Info: Hyper figures OFF on input line 6042.
Package hyperref Info: Link nesting OFF on input line 6047.
Package hyperref Info: Hyper index ON on input line 6050.
Package hyperref Info: backreferencing OFF on input line 6057.
Package hyperref Info: Link coloring ON on input line 6060.
Package hyperref Info: Link coloring with OCG OFF on input line 6067.
Package hyperref Info: PDF/A mode OFF on input line 6072.

(/usr/local/texlive/2025/texmf-dist/tex/latex/base/atbegshi-ltx.sty
Package: atbegshi-ltx 2021/01/10 v1.0c Emulation of the original atbegshi
package with kernel methods
)
\Hy@abspage=\count293
\c@Item=\count294
\c@Hfootnote=\count295
)
Package hyperref Info: Driver (autodetected): hpdftex.

(/usr/local/texlive/2025/texmf-dist/tex/latex/hyperref/hpdftex.def
File: hpdftex.def 2024-11-05 v7.01l Hyperref driver for pdfTeX

(/usr/local/texlive/2025/texmf-dist/tex/latex/base/atveryend-ltx.sty
Package: atveryend-ltx 2020/08/19 v1.0a Emulation of the original atveryend pac
kage
with kernel methods
)
\Fld@listcount=\count296
\c@bookmark@seq@number=\count297

(/usr/local/texlive/2025/texmf-dist/tex/latex/rerunfilecheck/rerunfilecheck.sty
Package: rerunfilecheck 2022-07-10 v1.10 Rerun checks for auxiliary files (HO)

(/usr/local/texlive/2025/texmf-dist/tex/generic/uniquecounter/uniquecounter.sty
Package: uniquecounter 2019/12/15 v1.4 Provide unlimited unique counter (HO)
)
Package uniquecounter Info: New unique counter `rerunfilecheck' on input line 2
85.
)
\Hy@SectionHShift=\skip54
)
(/usr/local/texlive/2025/texmf-dist/tex/latex/l3backend/l3backend-pdftex.def
File: l3backend-pdftex.def 2024-05-08 L3 backend support: PDF output (pdfTeX)
\l__color_backend_stack_int=\count298
\l__pdf_internal_box=\box56
)
(./relazione.aux

LaTeX Warning: Label `fig:schema_er' multiply defined.

)
\openout1 = `relazione.aux'.

LaTeX Font Info:    Checking defaults for OML/cmm/m/it on input line 9.
LaTeX Font Info:    ... okay on input line 9.
LaTeX Font Info:    Checking defaults for OMS/cmsy/m/n on input line 9.
LaTeX Font Info:    ... okay on input line 9.
LaTeX Font Info:    Checking defaults for OT1/cmr/m/n on input line 9.
LaTeX Font Info:    ... okay on input line 9.
LaTeX Font Info:    Checking defaults for T1/cmr/m/n on input line 9.
LaTeX Font Info:    ... okay on input line 9.
LaTeX Font Info:    Checking defaults for TS1/cmr/m/n on input line 9.
LaTeX Font Info:    ... okay on input line 9.
LaTeX Font Info:    Checking defaults for OMX/cmex/m/n on input line 9.
LaTeX Font Info:    ... okay on input line 9.
LaTeX Font Info:    Checking defaults for U/cmr/m/n on input line 9.
LaTeX Font Info:    ... okay on input line 9.
LaTeX Font Info:    Checking defaults for PD1/pdf/m/n on input line 9.
LaTeX Font Info:    ... okay on input line 9.
LaTeX Font Info:    Checking defaults for PU/pdf/m/n on input line 9.
LaTeX Font Info:    ... okay on input line 9.

*geometry* driver: auto-detecting
*geometry* detected driver: pdftex
*geometry* verbose mode - [ preamble ] result:
* driver: pdftex
* paper: a4paper
* layout: <same size as paper>
* layoutoffset:(h,v)=(0.0pt,0.0pt)
* modes: 
* h-part:(L,W,R)=(85.35826pt, 426.79135pt, 85.35826pt)
* v-part:(T,H,B)=(85.35826pt, 702.78308pt, 56.9055pt)
* \paperwidth=597.50787pt
* \paperheight=845.04684pt
* \textwidth=426.79135pt
* \textheight=702.78308pt
* \oddsidemargin=13.08827pt
* \evensidemargin=13.08827pt
* \topmargin=-23.91173pt
* \headheight=12.0pt
* \headsep=25.0pt
* \topskip=10.0pt
* \footskip=30.0pt
* \marginparwidth=49.79231pt
* \marginparsep=11.0pt
* \columnsep=10.0pt
* \skip\footins=9.0pt plus 4.0pt minus 2.0pt
* \hoffset=0.0pt
* \voffset=0.0pt
* \mag=1000
* \@twocolumnfalse
* \@twosidefalse
* \@mparswitchfalse
* \@reversemarginfalse
* (1in=72.27pt=25.4mm, 1cm=28.453pt)

(/usr/local/texlive/2025/texmf-dist/tex/context/base/mkii/supp-pdf.mkii
[Loading MPS to PDF converter (version 2006.09.02).]
\scratchcounter=\count299
\scratchdimen=\dimen165
\scratchbox=\box57
\nofMPsegments=\count300
\nofMParguments=\count301
\everyMPshowfont=\toks29
\MPscratchCnt=\count302
\MPscratchDim=\dimen166
\MPnumerator=\count303
\makeMPintoPDFobject=\count304
\everyMPtoPDFconversion=\toks30
) (/usr/local/texlive/2025/texmf-dist/tex/latex/epstopdf-pkg/epstopdf-base.sty
Package: epstopdf-base 2020-01-24 v2.11 Base part for package epstopdf
Package epstopdf-base Info: Redefining graphics rule for `.eps' on input line 4
85.

(/usr/local/texlive/2025/texmf-dist/tex/latex/latexconfig/epstopdf-sys.cfg
File: epstopdf-sys.cfg 2010/07/13 v1.3 Configuration of (r)epstopdf for TeX Liv
e
))
(/usr/local/texlive/2025/texmf-dist/tex/latex/graphics/color.sty
Package: color 2024/06/23 v1.3e Standard LaTeX Color (DPC)

(/usr/local/texlive/2025/texmf-dist/tex/latex/graphics-cfg/color.cfg
File: color.cfg 2016/01/02 v1.6 sample color configuration
)
Package color Info: Driver file: pdftex.def on input line 149.

(/usr/local/texlive/2025/texmf-dist/tex/latex/graphics/mathcolor.ltx))
Package hyperref Info: Link coloring ON on input line 9.

(./relazione.out) (./relazione.out
pdfTeX warning (Object streams): \pdfobjcompresslevel > 0 requires PDF-1.5 or g
reater. Object streams disabled now.
)
\@outlinefile=\write3
\openout3 = `relazione.out'.


Overfull \hbox (2.48671pt too wide) in paragraph at lines 61--62
[]\OT1/cmr/bx/n/10 Aereo di Linea\OT1/cmr/m/n/10 , dotato di rete Wi-Fi e con-f
ig-u-razioni di in-trat-ten-i-mento ded-i-cate al trasporto
 []



[1

{/usr/local/texlive/2025/texmf-var/fonts/map/pdftex/updmap/pdftex.map}{/usr/loc
al/texlive/2025/texmf-dist/fonts/enc/dvips/cm-super/cm-super-ts1.enc}]

[2]

[3]
<schema_er.drawio.png, id=58, 2391.93625pt x 1893.0725pt>
File: schema_er.drawio.png Graphic file (type png)
<use schema_er.drawio.png>
Package pdftex.def Info: schema_er.drawio.png  used on input line 216.
(pdftex.def)             Requested size: 426.79135pt x 337.76309pt.


[4]

[5 <./schema_er.drawio.png>]
LaTeX Font Info:    Trying to load font information for U+msa on input line 233
.

(/usr/local/texlive/2025/texmf-dist/tex/latex/amsfonts/umsa.fd
File: umsa.fd 2013/01/14 v3.01 AMS symbols A
)
LaTeX Font Info:    Trying to load font information for U+msb on input line 233
.

(/usr/local/texlive/2025/texmf-dist/tex/latex/amsfonts/umsb.fd
File: umsb.fd 2013/01/14 v3.01 AMS symbols B
)
LaTeX Font Info:    Trying to load font information for U+lasy on input line 23
3.

(/usr/local/texlive/2025/texmf-dist/tex/latex/base/ulasy.fd
File: ulasy.fd 1998/08/17 v2.2e LaTeX symbol font definitions
)
Overfull \hbox (36.22627pt too wide) detected at line 266
[]\OT1/cmr/m/n/10 (\OML/cmm/m/it/10 p; v\OT1/cmr/m/n/10 ) \OMS/cmsy/m/n/10 ^ []
\OT1/cmr/m/n/10 (\OML/cmm/m/it/10 p; v\OT1/cmr/m/n/10 ) = []  \OMS/cmsy/m/n/10 
)  9\OML/cmm/m/it/10 t[][]\OT1/cmr/m/n/10 (\OML/cmm/m/it/10 p; t\OT1/cmr/m/n/10
 ) \OMS/cmsy/m/n/10 ^ \OML/cmm/m/it/10 t \OT1/cmr/m/n/10 = []([](\OML/cmm/m/it/
10 v\OT1/cmr/m/n/10 ))[]\OML/cmm/m/it/10 :
 []


Underfull \hbox (badness 10000) in paragraph at lines 277--277
[]\OT1/cmr/m/n/10 codice, nome, citt^^Ra,
 []


Underfull \hbox (badness 10000) in paragraph at lines 277--277
\OT1/cmr/m/n/10 nazione, co-or-di-nate,
 []


Underfull \hbox (badness 10000) in paragraph at lines 277--277
\OT1/cmr/m/n/10 nu-mero[]piste, nu-
 []


Underfull \hbox (badness 10000) in paragraph at lines 286--286
[]\OT1/cmr/m/n/10 codice[]nato, liv-
 []


Underfull \hbox (badness 10000) in paragraph at lines 289--289
[]\OT1/cmr/m/n/10 numero, pi-ano, tun-
 []


Underfull \hbox (badness 10000) in paragraph at lines 295--295
[]\OT1/cmr/m/n/10 matricola,
 []


Underfull \hbox (badness 10000) in paragraph at lines 295--295
\OT1/cmr/m/n/10 data[]immatricolazione,
 []


Underfull \hbox (badness 10000) in paragraph at lines 304--304
[]\OT1/cmr/m/n/10 nome[]proprietario,
 []


Underfull \hbox (badness 10000) in paragraph at lines 307--307
[]\OT1/cmr/m/n/10 codice[]missione,
 []


Underfull \hbox (badness 8094) in paragraph at lines 310--310
[]\OT1/cmr/m/n/10 codice[]modello, costrut-
 []


Underfull \hbox (badness 10000) in paragraph at lines 310--310
\OT1/cmr/m/n/10 tore, au-tono-mia, ve-
 []


Underfull \hbox (badness 10000) in paragraph at lines 316--316
[]\OT1/cmr/m/n/10 id, nome, cog-
 []


Underfull \hbox (badness 10000) in paragraph at lines 316--316
\OT1/cmr/m/n/10 nome, data[]nascita,
 []


Underfull \hbox (badness 10000) in paragraph at lines 319--319
[]\OT1/cmr/m/n/10 numero[]licenza,
 []


Underfull \hbox (badness 10000) in paragraph at lines 319--319
\OT1/cmr/m/n/10 ore[]volo[]totali, ul-
 []


Underfull \hbox (badness 1484) in paragraph at lines 322--322
[]\OT1/cmr/m/n/10 livello[]certificazione, sca-
 []


Underfull \hbox (badness 10000) in paragraph at lines 328--328
[]\OT1/cmr/m/n/10 id[]volo, codice[]volo,
 []


Underfull \hbox (badness 10000) in paragraph at lines 328--328
\OT1/cmr/m/n/10 data[]programmata,
 []


Underfull \hbox (badness 10000) in paragraph at lines 328--328
\OT1/cmr/m/n/10 data[]partenza[]effettiva,
 []


Underfull \hbox (badness 10000) in paragraph at lines 337--337
[]\OT1/cmr/m/n/10 livello[]carburante, tem-
 []


Underfull \hbox (badness 10000) in paragraph at lines 337--337
\OT1/cmr/m/n/10 per-atura[]esterna, pres-
 []


Underfull \hbox (badness 1635) in paragraph at lines 340--340
[]\OT1/cmr/m/n/10 codice[]errore, mes-sag-gio,
 []


Underfull \hbox (badness 10000) in paragraph at lines 343--343
[]\OT1/cmr/m/n/10 id[]slot, orario[]inizio,
 []


Underfull \hbox (badness 10000) in paragraph at lines 346--346
[]\OT1/cmr/m/n/10 id[]rotta, nome[]rotta,
 []


Underfull \hbox (badness 10000) in paragraph at lines 349--349
[]\OT1/cmr/m/n/10 codice[]container,
 []


Underfull \hbox (badness 10000) in paragraph at lines 355--355
[]\OT1/cmr/m/n/10 nome[]servizio,
 []


Underfull \hbox (badness 10000) in paragraph at lines 355--355
\OT1/cmr/m/n/10 de-scrizione,
 []


Underfull \hbox (badness 5403) in paragraph at lines 358--358
[]\OT1/cmr/m/n/10 codice, nome, nazione,
 []


Overfull \hbox (76.45273pt too wide) in paragraph at lines 272--362
 [][] 
 []



[6]
Overfull \vbox (61.10562pt too high) has occurred while \output is active []



[7]
Underfull \hbox (badness 7064) in paragraph at lines 372--372
[]\OT1/cmr/m/n/10 Un Hub In-ter-nazionale
 []


Underfull \hbox (badness 10000) in paragraph at lines 375--375
[]\OT1/cmr/m/n/10 BaseMilitare, Pro-to-col-
 []


Underfull \hbox (badness 5345) in paragraph at lines 402--402
[]\OT1/cmr/m/n/10 Un con-trol-lore su-per-vi-
 []


Underfull \hbox (badness 10000) in paragraph at lines 405--405
[]\OT1/cmr/m/n/10 ControlloreVolo, Aero-
 []


Underfull \hbox (badness 10000) in paragraph at lines 405--406
[]\OT1/cmr/m/n/10 settore, data[]fine,
 []


Underfull \hbox (badness 10000) in paragraph at lines 411--412
[]\OT1/cmr/m/n/10 stato[]ticket,
 []


Underfull \hbox (badness 10000) in paragraph at lines 414--415
[]\OT1/cmr/m/n/10 peso[]registrato,
 []


Underfull \hbox (badness 1478) in paragraph at lines 417--417
\OT1/cmr/m/n/10 trasportati da un aereo
 []


Underfull \hbox (badness 10000) in paragraph at lines 417--418
[]\OT1/cmr/m/n/10 data[]carico, po-
 []


Underfull \hbox (badness 1648) in paragraph at lines 420--420
[]\OT1/cmr/m/n/10 Una classe passeg-geri ^^Re
 []


Underfull \hbox (badness 2103) in paragraph at lines 420--420
[]\OT1/cmr/m/n/10 AereoDiLinea, ClasseP-a-
 []


Underfull \hbox (badness 10000) in paragraph at lines 426--427
[]\OT1/cmr/m/n/10 data[]conseguimento,
 []


Overfull \hbox (6.77254pt too wide) in paragraph at lines 435--435
[]\OT1/cmr/m/n/10 CertificazioneManutenzione| 
 []


Underfull \hbox (badness 10000) in paragraph at lines 441--441
[]\OT1/cmr/m/n/10 ClassePasseggeri,
 []


Underfull \hbox (badness 10000) in paragraph at lines 444--444
[]\OT1/cmr/m/n/10 RottaPianificata, Aero-
 []


Underfull \hbox (badness 10000) in paragraph at lines 447--447
[]\OT1/cmr/m/n/10 RottaPianificata, Aero-
 []


Underfull \hbox (badness 10000) in paragraph at lines 450--450
[]\OT1/cmr/m/n/10 Una fas-cia oraria ^^Re
 []


Underfull \hbox (badness 3068) in paragraph at lines 450--450
\OT1/cmr/m/n/10 disponi-bile in un aero-
 []


Overfull \hbox (76.45273pt too wide) in paragraph at lines 367--454
 [][] 
 []


Overfull \vbox (48.70563pt too high) has occurred while \output is active []



[8]
LaTeX Font Info:    Font shape `OT1/cmtt/bx/n' in size <10> not available
(Font)              Font shape `OT1/cmtt/m/n' tried instead on input line 464.


[9]

[10]
Overfull \hbox (17.38887pt too wide) in paragraph at lines 701--705
\OT1/cmr/m/n/10 L'analisi in-dica chiara-mente che con-viene man-tenere l'attri
buto ri-don-dante \OT1/cmr/m/it/10 peso[]totale[]carico \OT1/cmr/m/n/10 nell'en
tit^^Ra
 []



[11]
<schema_er_ristrutturato.drawio.png, id=127, 2391.93625pt x 1893.0725pt>
File: schema_er_ristrutturato.drawio.png Graphic file (type png)
<use schema_er_ristrutturato.drawio.png>
Package pdftex.def Info: schema_er_ristrutturato.drawio.png  used on input line
 800.
(pdftex.def)             Requested size: 426.79135pt x 337.76309pt.


[12]
Overfull \hbox (47.17863pt too wide) in paragraph at lines 844--846
[]\OT1/cmr/bx/n/10 Aereo\OT1/cmr/m/n/10 ($[]$, data[]immatricolazione, ore[]vol
o[]accumulate, id[]tipo)   id[]tipo $\OMS/cmsy/m/n/10 !$ \OT1/cmr/m/n/10 TipoAe
reo(id[]tipo) 
 []


Overfull \hbox (5.48647pt too wide) in paragraph at lines 856--858
[]\OT1/cmr/bx/n/10 AereoMilitare\OT1/cmr/m/n/10 ($[]$, codice[]missione*, ente[
]operativo)   ma-tri-cola $\OMS/cmsy/m/n/10 !$ \OT1/cmr/m/n/10 Aereo(matricola)
 
 []



[13 <./schema_er_ristrutturato.drawio.png>]
Overfull \hbox (42.99095pt too wide) in paragraph at lines 875--877
[]\OT1/cmr/bx/n/10 Pilota\OT1/cmr/m/n/10 ($[]$, nu-mero[]licenza, ore[]volo, ul
-tima[]visita)   id[]personale $\OMS/cmsy/m/n/10 !$ \OT1/cmr/m/n/10 Per-son-ale
(id[]personale) 
 []


Overfull \hbox (0.78636pt too wide) in paragraph at lines 884--887
[]\OT1/cmr/bx/n/10 AbilitazioneVolo\OT1/cmr/m/n/10 ($[]$, $[]$, data[]conseguim
ento, data[]scadenza)   id[]personale
 []


Overfull \hbox (23.06729pt too wide) in paragraph at lines 890--893
[]\OT1/cmr/bx/n/10 RottaPianificata\OT1/cmr/m/n/10 ($[]$, nome, dis-tanza, du-r
ata[]stimata, con-sumo[]previsto, aero-porto[]origine,
 []


Overfull \hbox (10.2456pt too wide) in paragraph at lines 899--909
[]\OT1/cmr/bx/n/10 Volo\OT1/cmr/m/n/10 ($[]$, codice[]volo, data[]ora[]programm
ata, data[]ora[]effettiva*, stato, peso[]totale[]carico,
 []


Overfull \hbox (2.25885pt too wide) in paragraph at lines 899--909
\OT1/cmr/m/n/10 ma-tri-cola $\OMS/cmsy/m/n/10 !$ \OT1/cmr/m/n/10 Aereo(matricol
a)   aero-porto[]partenza $\OMS/cmsy/m/n/10 !$ \OT1/cmr/m/n/10 Aero-porto(codic
e)   aero-porto[]arrivo
 []


Overfull \hbox (14.15457pt too wide) in paragraph at lines 912--915
[]\OT1/cmr/bx/n/10 Equipaggio\OT1/cmr/m/n/10 ($[]$, $[]$, ruolo, ore[]servizio)
   id[]personale $\OMS/cmsy/m/n/10 !$ \OT1/cmr/m/n/10 Per-son-ale(id[]personale
)
 []


Overfull \hbox (13.62677pt too wide) in paragraph at lines 916--919
[]\OT1/cmr/bx/n/10 Monitoraggio\OT1/cmr/m/n/10 ($[]$, $[]$, fase[]volo)   id[]p
ersonale $\OMS/cmsy/m/n/10 !$ \OT1/cmr/m/n/10 Con-trol-loreVolo(id[]personale)
 []


Overfull \hbox (12.80733pt too wide) in paragraph at lines 928--931
[]\OT1/cmr/bx/n/10 ImbarcoMerce\OT1/cmr/m/n/10 ($[]$, $[]$, peso[]registrato, d
ata[]imbarco, con-tenuto*)   id[]volo
 []


Overfull \hbox (3.87529pt too wide) in paragraph at lines 940--943
[]\OT1/cmr/bx/n/10 Configurazione\OT1/cmr/m/n/10 ($[]$, $[]$, nu-mero[]posti)  
 ma-tri-cola $\OMS/cmsy/m/n/10 !$ \OT1/cmr/m/n/10 Aere-oDi-Linea(matricola)
 []


Overfull \hbox (6.13422pt too wide) in paragraph at lines 955--957
[]\OT1/cmr/bx/n/10 LogErrori\OT1/cmr/m/n/10 ($[]$, id[]volo, times-tamp, al-ti-
tu-dine, ve-locita, codice[]errore, mes-sag-gio*, severita)
 []



[14]

[15] (./relazione.aux)
 ***********
LaTeX2e <2024-11-01> patch level 2
L3 programming layer <2025-01-18>
 ***********


LaTeX Warning: There were multiply-defined labels.

Package rerunfilecheck Info: File `relazione.out' has not changed.
(rerunfilecheck)             Checksum: 6BE5B925EE3DEEF4EB8FF20B93E3FE39;1125.
 ) 
Here is how much of TeX's memory you used:
 10435 strings out of 473190
 159203 string characters out of 5715800
 589155 words of memory out of 5000000
 33497 multiletter control sequences out of 15000+600000
 563580 words of font info for 56 fonts, out of 8000000 for 9000
 1141 hyphenation exceptions out of 8191
 75i,11n,79p,3186b,512s stack positions out of 10000i,1000n,20000p,200000b,200000s
</usr/local/texlive/2025/texmf-dist/fonts/type1/public/amsfonts/cm/cmbx10.pfb
></usr/local/texlive/2025/texmf-dist/fonts/type1/public/amsfonts/cm/cmbx12.pfb>
</usr/local/texlive/2025/texmf-dist/fonts/type1/public/amsfonts/cm/cmbxti10.pfb
></usr/local/texlive/2025/texmf-dist/fonts/type1/public/amsfonts/cm/cmex10.pfb>
</usr/local/texlive/2025/texmf-dist/fonts/type1/public/amsfonts/cm/cmmi10.pfb><
/usr/local/texlive/2025/texmf-dist/fonts/type1/public/amsfonts/cm/cmmi7.pfb></u
sr/local/texlive/2025/texmf-dist/fonts/type1/public/amsfonts/cm/cmr10.pfb></usr
/local/texlive/2025/texmf-dist/fonts/type1/public/amsfonts/cm/cmr7.pfb></usr/lo
cal/texlive/2025/texmf-dist/fonts/type1/public/amsfonts/cm/cmsy10.pfb></usr/loc
al/texlive/2025/texmf-dist/fonts/type1/public/amsfonts/cm/cmsy7.pfb></usr/local
/texlive/2025/texmf-dist/fonts/type1/public/amsfonts/cm/cmti10.pfb></usr/local/
texlive/2025/texmf-dist/fonts/type1/public/amsfonts/cm/cmtt10.pfb></usr/local/t
exlive/2025/texmf-dist/fonts/type1/public/cm-super/sfrm1000.pfb>
Output written on relazione.pdf (15 pages, 654793 bytes).
PDF statistics:
 222 PDF objects out of 1000 (max. 8388607)
 62 named destinations out of 1000 (max. 500000)
 67 words of extra memory for PDF output out of 10000 (max. 10000000)

